#
# There is insufficient memory for the Java Runtime Environment to continue.
# Native memory allocation (mmap) failed to map 1835008 bytes for Failed to commit area from 0x0000024eb36a0000 to 0x0000024eb3860000 of length 1835008.
# Possible reasons:
#   The system is out of physical RAM or swap space
#   The process is running with CompressedOops enabled, and the Java Heap may be blocking the growth of the native heap
# Possible solutions:
#   Reduce memory load on the system
#   Increase physical memory or swap space
#   Check if swap backing store is full
#   Decrease Java heap size (-Xmx/-Xms)
#   Decrease number of Java threads
#   Decrease Java thread stack sizes (-Xss)
#   Set larger code cache with -XX:ReservedCodeCacheSize=
#   JVM is running with Unscaled Compressed Oops mode in which the Java heap is
#     placed in the first 4GB address space. The Java Heap base address is the
#     maximum limit for the native heap growth. Please use -XX:HeapBaseMinAddress
#     to set the Java Heap base and to place the Java Heap above 4GB virtual address.
# This output file may be truncated or incomplete.
#
#  Out of Memory Error (./open/src/hotspot/os/windows/os_windows.cpp:3315), pid=25128, tid=28732
#
# JRE version:  (14.0.2+12) (build )
# Java VM: Java HotSpot(TM) 64-Bit Server VM (14.0.2+12-46, mixed mode, sharing, tiered, compressed oops, g1 gc, windows-amd64)
# No core dump will be written. Minidumps are not enabled by default on client versions of Windows
#

---------------  S U M M A R Y ------------

Command Line: -Dfile.encoding=UTF-8 travel.managment.system.customerReport

Host: AMD A8-7410 APU with AMD Radeon R5 Graphics    , 4 cores, 6G,  Windows 10 , 64 bit Build 19041 (10.0.19041.1566)
Time: Sat Apr  2 18:54:26 2022 India Standard Time elapsed time: 0 seconds (0d 0h 0m 0s)

---------------  T H R E A D  ---------------

Current thread (0x0000024e9b46c800):  JavaThread "Unknown thread" [_thread_in_vm, id=28732, stack(0x0000008344600000,0x0000008344700000)]

Stack: [0x0000008344600000,0x0000008344700000]
Native frames: (J=compiled Java code, j=interpreted, Vv=VM code, C=native code)
V  [jvm.dll+0x5f8a9a]
V  [jvm.dll+0x74247a]
V  [jvm.dll+0x743c2f]
V  [jvm.dll+0x744273]
V  [jvm.dll+0x20d288]
V  [jvm.dll+0x5f5dea]
V  [jvm.dll+0x5eac45]
V  [jvm.dll+0x2c7e9c]
V  [jvm.dll+0x2c7cd2]
V  [jvm.dll+0x2cdbbc]
V  [jvm.dll+0x313ffb]
V  [jvm.dll+0x313710]
V  [jvm.dll+0x2a092a]
V  [jvm.dll+0x2a1a79]
V  [jvm.dll+0x71fd48]
V  [jvm.dll+0x321c14]
V  [jvm.dll+0x70112c]
V  [jvm.dll+0x392def]
V  [jvm.dll+0x394e61]
C  [jli.dll+0x524b]
C  [ucrtbase.dll+0x21bb2]
C  [KERNEL32.DLL+0x17034]
C  [ntdll.dll+0x52651]


---------------  P R O C E S S  ---------------

Threads class SMR info:
_java_thread_list=0x00007ff921ec3038, length=0, elements={
}

Java Threads: ( => current thread )

Other Threads:
  0x0000024e9b4a7800 GCTaskThread "GC Thread#0" [stack: 0x0000008344700000,0x0000008344800000] [id=25852]
  0x0000024e9b4b7000 ConcurrentGCThread "G1 Main Marker" [stack: 0x0000008344800000,0x0000008344900000] [id=32368]
  0x0000024e9b4bb800 ConcurrentGCThread "G1 Conc#0" [stack: 0x0000008344900000,0x0000008344a00000] [id=11448]

[error occurred during error reporting (printing all threads), id 0xc0000005, EXCEPTION_ACCESS_VIOLATION (0xc0000005) at pc=0x00007ff9216f1257]

VM state:not at safepoint (not fully initialized)

VM Mutex/Monitor currently owned by a thread:  ([mutex/lock_event])
[0x0000024e9b4685f0] Heap_lock - owner thread: 0x0000024e9b46c800

Heap address: 0x0000000090c00000, size: 1780 MB, Compressed Oops mode: 32-bit
Narrow klass base: 0x0000000000000000, Narrow klass shift: 0

GC Heap History (0 events):
No events

Deoptimization events (0 events):
No events

Classes unloaded (0 events):
No events

Classes redefined (0 events):
No events

Internal exceptions (0 events):
No events

Events (2 events):
Event: 0.025 Loaded shared library C:\Program Files\Java\jdk-14.0.2\bin\java.dll
Event: 0.028 Loaded shared library C:\Program Files\Java\jdk-14.0.2\bin\zip.dll


Dynamic libraries:
0x00007ff615b30000 - 0x00007ff615b3f000 	C:\Program Files\Java\jdk-14.0.2\bin\java.exe
0x00007ff96f450000 - 0x00007ff96f645000 	C:\WINDOWS\SYSTEM32\ntdll.dll
0x00007ff96dd40000 - 0x00007ff96ddfe000 	C:\WINDOWS\System32\KERNEL32.DLL
0x00007ff96cc00000 - 0x00007ff96cec8000 	C:\WINDOWS\System32\KERNELBASE.dll
0x00007ff96d120000 - 0x00007ff96d220000 	C:\WINDOWS\System32\ucrtbase.dll
0x00007ff9634f0000 - 0x00007ff963508000 	C:\Program Files\Java\jdk-14.0.2\bin\jli.dll
0x00007ff96ded0000 - 0x00007ff96df7e000 	C:\WINDOWS\System32\ADVAPI32.dll
0x00007ff96f210000 - 0x00007ff96f2ae000 	C:\WINDOWS\System32\msvcrt.dll
0x00007ff96f360000 - 0x00007ff96f3fc000 	C:\WINDOWS\System32\sechost.dll
0x00007ff96e320000 - 0x00007ff96e445000 	C:\WINDOWS\System32\RPCRT4.dll
0x00007ff96d540000 - 0x00007ff96d6e0000 	C:\WINDOWS\System32\USER32.dll
0x00007ff967920000 - 0x00007ff967935000 	C:\Program Files\Java\jdk-14.0.2\bin\VCRUNTIME140.dll
0x00007ff96cf20000 - 0x00007ff96cf42000 	C:\WINDOWS\System32\win32u.dll
0x00007ff96f180000 - 0x00007ff96f1ab000 	C:\WINDOWS\System32\GDI32.dll
0x00007ff96d380000 - 0x00007ff96d48b000 	C:\WINDOWS\System32\gdi32full.dll
0x00007ff96d080000 - 0x00007ff96d11d000 	C:\WINDOWS\System32\msvcp_win.dll
0x00007ff963690000 - 0x00007ff96392a000 	C:\WINDOWS\WinSxS\amd64_microsoft.windows.common-controls_6595b64144ccf1df_6.0.19041.1110_none_60b5254171f9507e\COMCTL32.dll
0x00007ff9619d0000 - 0x00007ff9619da000 	C:\WINDOWS\SYSTEM32\VERSION.dll
0x00007ff96f2b0000 - 0x00007ff96f2e0000 	C:\WINDOWS\System32\IMM32.DLL
0x00007ff938a30000 - 0x00007ff938acb000 	C:\Program Files\Java\jdk-14.0.2\bin\msvcp140.dll
0x00007ff921440000 - 0x00007ff921f5e000 	C:\Program Files\Java\jdk-14.0.2\bin\server\jvm.dll
0x00007ff96f400000 - 0x00007ff96f408000 	C:\WINDOWS\System32\PSAPI.DLL
0x00007ff95f680000 - 0x00007ff95f689000 	C:\WINDOWS\SYSTEM32\WSOCK32.dll
0x00007ff96d800000 - 0x00007ff96d86b000 	C:\WINDOWS\System32\WS2_32.dll
0x00007ff9652f0000 - 0x00007ff965317000 	C:\WINDOWS\SYSTEM32\WINMM.dll
0x00007ff96aa30000 - 0x00007ff96aa42000 	C:\WINDOWS\SYSTEM32\kernel.appcore.dll
0x00007ff965220000 - 0x00007ff96522a000 	C:\Program Files\Java\jdk-14.0.2\bin\jimage.dll
0x00007ff966310000 - 0x00007ff9664f4000 	C:\WINDOWS\SYSTEM32\DBGHELP.DLL
0x00007ff966150000 - 0x00007ff96617c000 	C:\WINDOWS\SYSTEM32\dbgcore.DLL
0x00007ff96cf50000 - 0x00007ff96cfd2000 	C:\WINDOWS\System32\bcryptPrimitives.dll
0x00007ff949d40000 - 0x00007ff949d65000 	C:\Program Files\Java\jdk-14.0.2\bin\java.dll
0x00007ff94fa30000 - 0x00007ff94fa46000 	C:\Program Files\Java\jdk-14.0.2\bin\zip.dll

dbghelp: loaded successfully - version: 4.0.5 - missing functions: none
symbol engine: initialized successfully - sym options: 0x614 - pdb path: .;C:\Program Files\Java\jdk-14.0.2\bin;C:\WINDOWS\SYSTEM32;C:\WINDOWS\WinSxS\amd64_microsoft.windows.common-controls_6595b64144ccf1df_6.0.19041.1110_none_60b5254171f9507e;C:\Program Files\Java\jdk-14.0.2\bin\server

VM Arguments:
jvm_args: -Dfile.encoding=UTF-8 
java_command: travel.managment.system.customerReport
java_class_path (initial): F:\pranav 007\travel and touriesm management system\Final Project sem 6\Travel Managment System\mysql-connector-java-8.0.23\mysql-connector-java-8.0.23.jar;C:\Users\Prajakta\Documents\NetBeansProjects\Travels and tours management system\Travel Managment System\mysql-connector-java-8.0.23\mysql-connector-java-8.0.23.jar;C:\Users\Prajakta\Desktop\Project Doc\rs2xml\rs2xml.jar;F:\pranav 007\travel and touriesm management system\Final Project sem 6\Travel Managment System\build\classes
Launcher Type: SUN_STANDARD

[Global flags]
     intx CICompilerCount                          = 3                                         {product} {ergonomic}
     uint ConcGCThreads                            = 1                                         {product} {ergonomic}
     uint G1ConcRefinementThreads                  = 4                                         {product} {ergonomic}
   size_t G1HeapRegionSize                         = 1048576                                   {product} {ergonomic}
    uintx GCDrainStackTargetSize                   = 64                                        {product} {ergonomic}
   size_t InitialHeapSize                          = 117440512                                 {product} {ergonomic}
   size_t MarkStackSize                            = 4194304                                   {product} {ergonomic}
   size_t MaxHeapSize                              = 1866465280                                {product} {ergonomic}
   size_t MinHeapDeltaBytes                        = 1048576                                   {product} {ergonomic}
   size_t MinHeapSize                              = 8388608                                   {product} {ergonomic}
    uintx NonNMethodCodeHeapSize                   = 5832780                                {pd product} {ergonomic}
    uintx NonProfiledCodeHeapSize                  = 122912730                              {pd product} {ergonomic}
    uintx ProfiledCodeHeapSize                     = 122912730                              {pd product} {ergonomic}
    uintx ReservedCodeCacheSize                    = 251658240                              {pd product} {ergonomic}
     bool SegmentedCodeCache                       = true                                      {product} {ergonomic}
   size_t SoftMaxHeapSize                          = 1866465280                             {manageable} {ergonomic}
     bool UseCompressedClassPointers               = true                                 {lp64_product} {ergonomic}
     bool UseCompressedOops                        = true                                 {lp64_product} {ergonomic}
     bool UseG1GC                                  = true                                      {product} {ergonomic}
     bool UseLargePagesIndividualAllocation        = false                                  {pd product} {ergonomic}

Logging:
Log output configuration:
 #0: stdout all=warning uptime,level,tags
 #1: stderr all=off uptime,level,tags

Environment Variables:
PATH=C:\Program Files\MinGW\bin;C:\Program Files (x86)\PC Connectivity Solution\;C:\Program Files (x86)\NVIDIA Corporation\PhysX\Common;C:\Program Files\Java\jdk-14.0.2\bin;C:\Program Files (x86)\Microsoft SQL Server\90\Tools\binn\;F:\pranav 007\mysql\bin;C:\Program Files\MySQL\MySQL Server 5.5\bin;C:\ProgramData\chocolatey\bin;C:\Program Files\nodejs;C:\WINDOWS\system32;C:\WINDOWS;C:\WINDOWS\System32\Wbem;C:\WINDOWS\System32\WindowsPowerShell\v1.0\;C:\WINDOWS\System32\OpenSSH\;C:\Program Files\nodejs\;C:\Program Files\Java\jdk-14.0.2\bin;C:\Users\Prajakta\AppData\Local\Microsoft\WindowsApps;;C:\Microsoft VS Code\bin;C:\Users\Prajakta\AppData\Roaming\npm
USERNAME=Prajakta
OS=Windows_NT
PROCESSOR_IDENTIFIER=AMD64 Family 22 Model 48 Stepping 1, AuthenticAMD



---------------  S Y S T E M  ---------------

OS: Windows 10 , 64 bit Build 19041 (10.0.19041.1566)
OS uptime: 11 days 0:29 hours

CPU:total 4 (initial active 4) (4 cores per cpu, 1 threads per core) family 22 model 48 stepping 1, cmov, cx8, fxsr, mmx, sse, sse2, sse3, ssse3, sse4.1, sse4.2, popcnt, avx, aes, clmul, mmxext, 3dnowpref, lzcnt, sse4a, tsc, tscinvbit, tscinv, bmi1

Memory: 4k page, system-wide physical 7113M (336M free)
TotalPageFile size 26330M (AvailPageFile size 5M)
current process WorkingSet (physical memory assigned to process): 10M, peak: 10M
current process commit charge ("private bytes"): 164M, peak: 165M

vm_info: Java HotSpot(TM) 64-Bit Server VM (14.0.2+12-46) for windows-amd64 JRE (14.0.2+12-46), built on Jul  9 2020 00:35:52 by "mach5one" with MS VC++ 15.9 (VS2017)

END.
